This is METAFONT, Version 2.7182818 (TeX Live 2017/Debian) (preloaded base=mf 2020.4.20)  1 APR 2021 14:35
**Preview.tsx Preview.jsx
(Preview.tsx
>> import.React
! Isolated expression.
<to be read again> 
                   ,
l.1 import React ,
                  {useState} from 'react';
? 
! Extra tokens will be flushed.
<to be read again> 
                   ,
l.1 import React ,
                  {useState} from 'react';
? 
! Interruption.
l.1 import React ,
                  {useState} from 'react';
? 
>> import.ResizePanel
! Isolated expression.
<to be read again> 
                   from
l.2 import ResizePanel from
                            "react-resize-panel";
? ^^L^^L^^L
Type <return> to proceed, S to scroll future error messages,
R to run without stopping, Q to run quietly,
I to insert something, E to edit your file,
1 or ... or 9 to ignore the next 1 to 9 tokens of input,
H for help, X to quit.
? 
! Extra tokens will be flushed.
<to be read again> 
                   from
l.2 import ResizePanel from
                            "react-resize-panel";
? 
! Interruption.
l.2 import ResizePanel from
                            "react-resize-panel";
? exit

